# JRE version: Java(TM) SE Runtime Environment (15.0.2+7) (build 15.0.2+7-27)
# Java VM: Java HotSpot(TM) 64-Bit Server VM (15.0.2+7-27, mixed mode, sharing, tiered, compressed oops, g1 gc, windows-amd64)
GC Precious Log:
 CPUs: 4 total, 4 available
 Memory: 8110M
 Large Page Support: Disabled
 NUMA Support: Disabled
 Compressed Oops: Enabled (32-bit)
 Heap Region Size: 1M
 Heap Min Capacity: 8M
 Heap Initial Capacity: 128M
 Heap Max Capacity: 2028M
 Pre-touch: Disabled
 Parallel Workers: 4
 Concurrent Workers: 1
 Concurrent Refinement Workers: 4
 Periodic GC: Disabled
Heap:
 garbage-first heap   total 45056K, used 14854K [0x0000000081400000, 0x0000000100000000)
  region size 1024K, 7 young (7168K), 2 survivors (2048K)
 Metaspace       used 22338K, capacity 22615K, committed 22912K, reserved 1069056K
  class space    used 2502K, capacity 2598K, committed 2688K, reserved 1048576K
GC Heap History (6 events):
Event: 2.967 GC heap before
{Heap before GC invocations=0 (full 0):
 garbage-first heap   total 131072K, used 13312K [0x0000000081400000, 0x0000000100000000)
  region size 1024K, 13 young (13312K), 0 survivors (0K)
 Metaspace       used 8303K, capacity 8488K, committed 8704K, reserved 1056768K
  class space    used 847K, capacity 902K, committed 1024K, reserved 1048576K
}
Event: 2.978 GC heap after
{Heap after GC invocations=1 (full 0):
 garbage-first heap   total 131072K, used 3056K [0x0000000081400000, 0x0000000100000000)
  region size 1024K, 2 young (2048K), 2 survivors (2048K)
 Metaspace       used 8303K, capacity 8488K, committed 8704K, reserved 1056768K
  class space    used 847K, capacity 902K, committed 1024K, reserved 1048576K
}
Event: 5.116 GC heap before
{Heap before GC invocations=1 (full 0):
 garbage-first heap   total 131072K, used 15344K [0x0000000081400000, 0x0000000100000000)
  region size 1024K, 15 young (15360K), 2 survivors (2048K)
 Metaspace       used 15615K, capacity 15806K, committed 16000K, reserved 1062912K
  class space    used 1734K, capacity 1823K, committed 1920K, reserved 1048576K
}
Event: 5.131 GC heap after
{Heap after GC invocations=2 (full 0):
 garbage-first heap   total 131072K, used 5165K [0x0000000081400000, 0x0000000100000000)
  region size 1024K, 2 young (2048K), 2 survivors (2048K)
 Metaspace       used 15615K, capacity 15806K, committed 16000K, reserved 1062912K
  class space    used 1734K, capacity 1823K, committed 1920K, reserved 1048576K
}
Event: 10.590 GC heap before
{Heap before GC invocations=2 (full 0):
 garbage-first heap   total 131072K, used 18477K [0x0000000081400000, 0x0000000100000000)
  region size 1024K, 8 young (8192K), 2 survivors (2048K)
 Metaspace       used 20958K, capacity 21239K, committed 21504K, reserved 1069056K
  class space    used 2411K, capacity 2502K, committed 2560K, reserved 1048576K
}
Event: 10.598 GC heap after
{Heap after GC invocations=3 (full 0):
 garbage-first heap   total 131072K, used 10758K [0x0000000081400000, 0x0000000100000000)
  region size 1024K, 2 young (2048K), 2 survivors (2048K)
 Metaspace       used 20958K, capacity 21239K, committed 21504K, reserved 1069056K
  class space    used 2411K, capacity 2502K, committed 2560K, reserved 1048576K
}

